Build started 23/11/2013 5:57:42 PM.
     1>Project "C:\Users\Kyle\Documents\GitHub\SolarSystem\SolarSystem\SolarSystem\SolarSystem.vcxproj" on node 2 (build target(s)).
     1>InitializeBuildStatus:
         Creating "Debug\SolarSystem.unsuccessfulbuild" because "AlwaysCreate" was specified.
       ClCompile:
         c:\Program Files (x86)\Microsoft Visual Studio 10.0\VC\bin\CL.exe /c /ZI /nologo /W3 /WX- /Od /Oy- /D _MBCS /Gm /EHsc /RTC1 /MDd /GS /fp:precise /Zc:wchar_t /Zc:forScope /Fo"Debug\\" /Fd"Debug\vc100.pdb" /Gd /TP /analyze- /errorReport:prompt main.cpp
         main.cpp
     1>c:\users\kyle\documents\github\solarsystem\solarsystem\solarsystem\main.cpp(54): warning C4554: '^' : check operator precedence for possible error; use parentheses to clarify precedence
       Link:
         c:\Program Files (x86)\Microsoft Visual Studio 10.0\VC\bin\link.exe /ERRORREPORT:PROMPT /OUT:"C:\Users\Kyle\Documents\GitHub\SolarSystem\SolarSystem\Debug\SolarSystem.exe" /NOLOGO kernel32.lib user32.lib gdi32.lib winspool.lib comdlg32.lib advapi32.lib shell32.lib ole32.lib oleaut32.lib uuid.lib odbc32.lib odbccp32.lib /MANIFEST /ManifestFile:"Debug\SolarSystem.exe.intermediate.manifest" /MANIFESTUAC:"level='asInvoker' uiAccess='false'" /DEBUG /PDB:"C:\Users\Kyle\Documents\GitHub\SolarSystem\SolarSystem\Debug\SolarSystem.pdb" /TLBID:1 /DYNAMICBASE /NXCOMPAT /IMPLIB:"C:\Users\Kyle\Documents\GitHub\SolarSystem\SolarSystem\Debug\SolarSystem.lib" /MACHINE:X86 Debug\glm.obj
         Debug\glmimg.obj
         Debug\main.obj
         Debug\Moons.obj
         Debug\Planets.obj
         Debug\Texture.obj
         LINK : C:\Users\Kyle\Documents\GitHub\SolarSystem\SolarSystem\Debug\SolarSystem.exe not found or not built by the last incremental link; performing full link
         SolarSystem.vcxproj -> C:\Users\Kyle\Documents\GitHub\SolarSystem\SolarSystem\Debug\SolarSystem.exe
       Manifest:
         C:\Program Files (x86)\Microsoft SDKs\Windows\v7.0A\bin\mt.exe /nologo /verbose /outputresource:"C:\Users\Kyle\Documents\GitHub\SolarSystem\SolarSystem\Debug\SolarSystem.exe;#1" /manifest Debug\SolarSystem.exe.intermediate.manifest
       FinalizeBuildStatus:
         Deleting file "Debug\SolarSystem.unsuccessfulbuild".
         Touching "Debug\SolarSystem.lastbuildstate".
     1>Done Building Project "C:\Users\Kyle\Documents\GitHub\SolarSystem\SolarSystem\SolarSystem\SolarSystem.vcxproj" (build target(s)).

Build succeeded.

Time Elapsed 00:00:00.74
